# JRE version: Java(TM) SE Runtime Environment (8.0_202-b08) (build 1.8.0_202-b08)
# Java VM: Java HotSpot(TM) 64-Bit Server VM (25.202-b08 mixed mode windows-amd64 compressed oops)
Heap:
 PSYoungGen      total 167936K, used 74815K [0x000000076bd00000, 0x000000077c200000, 0x00000007c0000000)
  eden space 155648K, 40% used [0x000000076bd00000,0x000000076fa15fa0,0x0000000775500000)
  from space 12288K, 99% used [0x0000000775500000,0x00000007760f9f98,0x0000000776100000)
  to   space 16896K, 0% used [0x000000077b180000,0x000000077b180000,0x000000077c200000)
 ParOldGen       total 147456K, used 19124K [0x00000006c3600000, 0x00000006cc600000, 0x000000076bd00000)
  object space 147456K, 12% used [0x00000006c3600000,0x00000006c48ad090,0x00000006cc600000)
 Metaspace       used 52303K, capacity 55334K, committed 55512K, reserved 1097728K
  class space    used 7107K, capacity 7631K, committed 7640K, reserved 1048576K
GC Heap History (10 events):
Event: 2.132 GC heap before
{Heap before GC invocations=5 (full 1):
 PSYoungGen      total 75776K, used 65024K [0x000000076bd00000, 0x0000000775100000, 0x00000007c0000000)
  eden space 65024K, 100% used [0x000000076bd00000,0x000000076fc80000,0x000000076fc80000)
  from space 10752K, 0% used [0x000000076fc80000,0x000000076fc80000,0x0000000770700000)
  to   space 10752K, 0% used [0x0000000774680000,0x0000000774680000,0x0000000775100000)
 ParOldGen       total 97792K, used 6827K [0x00000006c3600000, 0x00000006c9580000, 0x000000076bd00000)
  object space 97792K, 6% used [0x00000006c3600000,0x00000006c3caaff8,0x00000006c9580000)
 Metaspace       used 23718K, capacity 25034K, committed 25088K, reserved 1071104K
  class space    used 3028K, capacity 3301K, committed 3328K, reserved 1048576K
Event: 2.136 GC heap after
Heap after GC invocations=5 (full 1):
 PSYoungGen      total 108544K, used 6311K [0x000000076bd00000, 0x0000000774d00000, 0x00000007c0000000)
  eden space 101888K, 0% used [0x000000076bd00000,0x000000076bd00000,0x0000000772080000)
  from space 6656K, 94% used [0x0000000774680000,0x0000000774ca9e60,0x0000000774d00000)
  to   space 10752K, 0% used [0x0000000773800000,0x0000000773800000,0x0000000774280000)
 ParOldGen       total 97792K, used 6835K [0x00000006c3600000, 0x00000006c9580000, 0x000000076bd00000)
  object space 97792K, 6% used [0x00000006c3600000,0x00000006c3cacff8,0x00000006c9580000)
 Metaspace       used 23718K, capacity 25034K, committed 25088K, reserved 1071104K
  class space    used 3028K, capacity 3301K, committed 3328K, reserved 1048576K
}
Event: 3.099 GC heap before
{Heap before GC invocations=6 (full 1):
 PSYoungGen      total 108544K, used 108192K [0x000000076bd00000, 0x0000000774d00000, 0x00000007c0000000)
  eden space 101888K, 99% used [0x000000076bd00000,0x000000077207e218,0x0000000772080000)
  from space 6656K, 94% used [0x0000000774680000,0x0000000774ca9e60,0x0000000774d00000)
  to   space 10752K, 0% used [0x0000000773800000,0x0000000773800000,0x0000000774280000)
 ParOldGen       total 97792K, used 6835K [0x00000006c3600000, 0x00000006c9580000, 0x000000076bd00000)
  object space 97792K, 6% used [0x00000006c3600000,0x00000006c3cacff8,0x00000006c9580000)
 Metaspace       used 31488K, capacity 33460K, committed 33664K, reserved 1079296K
  class space    used 4038K, capacity 4402K, committed 4480K, reserved 1048576K
Event: 3.108 GC heap after
Heap after GC invocations=6 (full 1):
 PSYoungGen      total 136704K, used 10721K [0x000000076bd00000, 0x0000000776e00000, 0x00000007c0000000)
  eden space 125952K, 0% used [0x000000076bd00000,0x000000076bd00000,0x0000000773800000)
  from space 10752K, 99% used [0x0000000773800000,0x0000000774278648,0x0000000774280000)
  to   space 13312K, 0% used [0x0000000776100000,0x0000000776100000,0x0000000776e00000)
 ParOldGen       total 97792K, used 7740K [0x00000006c3600000, 0x00000006c9580000, 0x000000076bd00000)
  object space 97792K, 7% used [0x00000006c3600000,0x00000006c3d8f3a0,0x00000006c9580000)
 Metaspace       used 31488K, capacity 33460K, committed 33664K, reserved 1079296K
  class space    used 4038K, capacity 4402K, committed 4480K, reserved 1048576K
}
Event: 3.401 GC heap before
{Heap before GC invocations=7 (full 1):
 PSYoungGen      total 136704K, used 71202K [0x000000076bd00000, 0x0000000776e00000, 0x00000007c0000000)
  eden space 125952K, 48% used [0x000000076bd00000,0x000000076f810570,0x0000000773800000)
  from space 10752K, 99% used [0x0000000773800000,0x0000000774278648,0x0000000774280000)
  to   space 13312K, 0% used [0x0000000776100000,0x0000000776100000,0x0000000776e00000)
 ParOldGen       total 97792K, used 7740K [0x00000006c3600000, 0x00000006c9580000, 0x000000076bd00000)
  object space 97792K, 7% used [0x00000006c3600000,0x00000006c3d8f3a0,0x00000006c9580000)
 Metaspace       used 33270K, capacity 35362K, committed 35416K, reserved 1079296K
  class space    used 4292K, capacity 4669K, committed 4696K, reserved 1048576K
Event: 3.410 GC heap after
Heap after GC invocations=7 (full 1):
 PSYoungGen      total 168960K, used 8221K [0x000000076bd00000, 0x0000000779380000, 0x00000007c0000000)
  eden space 155648K, 0% used [0x000000076bd00000,0x000000076bd00000,0x0000000775500000)
  from space 13312K, 61% used [0x0000000776100000,0x00000007769077e8,0x0000000776e00000)
  to   space 12288K, 0% used [0x0000000775500000,0x0000000775500000,0x0000000776100000)
 ParOldGen       total 97792K, used 7748K [0x00000006c3600000, 0x00000006c9580000, 0x000000076bd00000)
  object space 97792K, 7% used [0x00000006c3600000,0x00000006c3d913a0,0x00000006c9580000)
 Metaspace       used 33270K, capacity 35362K, committed 35416K, reserved 1079296K
  class space    used 4292K, capacity 4669K, committed 4696K, reserved 1048576K
}
Event: 3.410 GC heap before
{Heap before GC invocations=8 (full 2):
 PSYoungGen      total 168960K, used 8221K [0x000000076bd00000, 0x0000000779380000, 0x00000007c0000000)
  eden space 155648K, 0% used [0x000000076bd00000,0x000000076bd00000,0x0000000775500000)
  from space 13312K, 61% used [0x0000000776100000,0x00000007769077e8,0x0000000776e00000)
  to   space 12288K, 0% used [0x0000000775500000,0x0000000775500000,0x0000000776100000)
 ParOldGen       total 97792K, used 7748K [0x00000006c3600000, 0x00000006c9580000, 0x000000076bd00000)
  object space 97792K, 7% used [0x00000006c3600000,0x00000006c3d913a0,0x00000006c9580000)
 Metaspace       used 33270K, capacity 35362K, committed 35416K, reserved 1079296K
  class space    used 4292K, capacity 4669K, committed 4696K, reserved 1048576K
Event: 3.448 GC heap after
Heap after GC invocations=8 (full 2):
 PSYoungGen      total 168960K, used 0K [0x000000076bd00000, 0x0000000779380000, 0x00000007c0000000)
  eden space 155648K, 0% used [0x000000076bd00000,0x000000076bd00000,0x0000000775500000)
  from space 13312K, 0% used [0x0000000776100000,0x0000000776100000,0x0000000776e00000)
  to   space 12288K, 0% used [0x0000000775500000,0x0000000775500000,0x0000000776100000)
 ParOldGen       total 147456K, used 12872K [0x00000006c3600000, 0x00000006cc600000, 0x000000076bd00000)
  object space 147456K, 8% used [0x00000006c3600000,0x00000006c42922b8,0x00000006cc600000)
 Metaspace       used 33270K, capacity 35362K, committed 35416K, reserved 1079296K
  class space    used 4292K, capacity 4669K, committed 4696K, reserved 1048576K
}
Event: 4.817 GC heap before
{Heap before GC invocations=9 (full 2):
 PSYoungGen      total 168960K, used 155648K [0x000000076bd00000, 0x0000000779380000, 0x00000007c0000000)
  eden space 155648K, 100% used [0x000000076bd00000,0x0000000775500000,0x0000000775500000)
  from space 13312K, 0% used [0x0000000776100000,0x0000000776100000,0x0000000776e00000)
  to   space 12288K, 0% used [0x0000000775500000,0x0000000775500000,0x0000000776100000)
 ParOldGen       total 147456K, used 12872K [0x00000006c3600000, 0x00000006cc600000, 0x000000076bd00000)
  object space 147456K, 8% used [0x00000006c3600000,0x00000006c42922b8,0x00000006cc600000)
 Metaspace       used 49263K, capacity 51648K, committed 51928K, reserved 1093632K
  class space    used 6668K, capacity 7092K, committed 7128K, reserved 1048576K
Event: 4.832 GC heap after
Heap after GC invocations=9 (full 2):
 PSYoungGen      total 167936K, used 12263K [0x000000076bd00000, 0x000000077c200000, 0x00000007c0000000)
  eden space 155648K, 0% used [0x000000076bd00000,0x000000076bd00000,0x0000000775500000)
  from space 12288K, 99% used [0x0000000775500000,0x00000007760f9f98,0x0000000776100000)
  to   space 16896K, 0% used [0x000000077b180000,0x000000077b180000,0x000000077c200000)
 ParOldGen       total 147456K, used 19124K [0x00000006c3600000, 0x00000006cc600000, 0x000000076bd00000)
  object space 147456K, 12% used [0x00000006c3600000,0x00000006c48ad090,0x00000006cc600000)
 Metaspace       used 49263K, capacity 51648K, committed 51928K, reserved 1093632K
  class space    used 6668K, capacity 7092K, committed 7128K, reserved 1048576K
}

